<?xml version="1.0" encoding="UTF-8"?>
<testng-results ignored="0" total="4" passed="4" failed="0" skipped="0">
  <reporter-output>
  </reporter-output>
  <suite started-at="2022-02-19T02:47:44 GMT-05:00" name="Suite" finished-at="2022-02-19T02:48:40 GMT-05:00" duration-ms="56381">
    <groups>
    </groups>
    <test started-at="2022-02-19T02:47:44 GMT-05:00" name="Test" finished-at="2022-02-19T02:48:40 GMT-05:00" duration-ms="56381">
      <class name="Com.Openmrs.Test.CapturePageTest">
        <test-method is-config="true" signature="launchBrowser()[pri:0, instance:Com.Openmrs.Test.CapturePageTest@609e8838]" started-at="2022-02-19T02:48:23 GMT-05:00" name="launchBrowser" finished-at="2022-02-19T02:48:30 GMT-05:00" duration-ms="6618" status="PASS">
          <reporter-output>
          </reporter-output>
        </test-method> <!-- launchBrowser -->
        <test-method signature="verifyPatientIdGettingSuccessful()[pri:4, instance:Com.Openmrs.Test.CapturePageTest@609e8838]" started-at="2022-02-19T02:48:30 GMT-05:00" name="verifyPatientIdGettingSuccessful" finished-at="2022-02-19T02:48:40 GMT-05:00" duration-ms="10749" status="PASS">
          <reporter-output>
          </reporter-output>
        </test-method> <!-- verifyPatientIdGettingSuccessful -->
        <test-method is-config="true" signature="tearDown()[pri:0, instance:Com.Openmrs.Test.CapturePageTest@609e8838]" started-at="2022-02-19T02:48:40 GMT-05:00" name="tearDown" finished-at="2022-02-19T02:48:40 GMT-05:00" duration-ms="53" status="PASS">
          <reporter-output>
          </reporter-output>
        </test-method> <!-- tearDown -->
      </class> <!-- Com.Openmrs.Test.CapturePageTest -->
      <class name="Com.Openmrs.Test.LoginTest">
        <test-method is-config="true" signature="launchBrowser()[pri:0, instance:Com.Openmrs.Test.LoginTest@8458f04]" started-at="2022-02-19T02:47:44 GMT-05:00" name="launchBrowser" finished-at="2022-02-19T02:47:50 GMT-05:00" duration-ms="6413" status="PASS">
          <reporter-output>
          </reporter-output>
        </test-method> <!-- launchBrowser -->
        <test-method signature="verifyUserLoginSuccessful()[pri:1, instance:Com.Openmrs.Test.LoginTest@8458f04]" started-at="2022-02-19T02:47:50 GMT-05:00" name="verifyUserLoginSuccessful" finished-at="2022-02-19T02:47:53 GMT-05:00" duration-ms="2402" status="PASS">
          <reporter-output>
          </reporter-output>
        </test-method> <!-- verifyUserLoginSuccessful -->
        <test-method is-config="true" signature="tearDown()[pri:0, instance:Com.Openmrs.Test.LoginTest@8458f04]" started-at="2022-02-19T02:47:53 GMT-05:00" name="tearDown" finished-at="2022-02-19T02:47:53 GMT-05:00" duration-ms="52" status="PASS">
          <reporter-output>
          </reporter-output>
        </test-method> <!-- tearDown -->
        <test-method is-config="true" signature="launchBrowser()[pri:0, instance:Com.Openmrs.Test.LoginTest@8458f04]" started-at="2022-02-19T02:47:53 GMT-05:00" name="launchBrowser" finished-at="2022-02-19T02:48:00 GMT-05:00" duration-ms="6921" status="PASS">
          <reporter-output>
          </reporter-output>
        </test-method> <!-- launchBrowser -->
        <test-method signature="verifyUserLoginUnsuccessful()[pri:2, instance:Com.Openmrs.Test.LoginTest@8458f04]" started-at="2022-02-19T02:48:00 GMT-05:00" name="verifyUserLoginUnsuccessful" finished-at="2022-02-19T02:48:05 GMT-05:00" duration-ms="5158" status="PASS">
          <reporter-output>
          </reporter-output>
        </test-method> <!-- verifyUserLoginUnsuccessful -->
        <test-method is-config="true" signature="tearDown()[pri:0, instance:Com.Openmrs.Test.LoginTest@8458f04]" started-at="2022-02-19T02:48:05 GMT-05:00" name="tearDown" finished-at="2022-02-19T02:48:05 GMT-05:00" duration-ms="55" status="PASS">
          <reporter-output>
          </reporter-output>
        </test-method> <!-- tearDown -->
      </class> <!-- Com.Openmrs.Test.LoginTest -->
      <class name="Com.Openmrs.Test.FindPatientTest">
        <test-method is-config="true" signature="launchBrowser()[pri:0, instance:Com.Openmrs.Test.FindPatientTest@2b30a42c]" started-at="2022-02-19T02:48:05 GMT-05:00" name="launchBrowser" finished-at="2022-02-19T02:48:15 GMT-05:00" duration-ms="9887" status="PASS">
          <reporter-output>
          </reporter-output>
        </test-method> <!-- launchBrowser -->
        <test-method signature="verifyPateintIsAvaliable()[pri:3, instance:Com.Openmrs.Test.FindPatientTest@2b30a42c]" started-at="2022-02-19T02:48:15 GMT-05:00" name="verifyPateintIsAvaliable" finished-at="2022-02-19T02:48:23 GMT-05:00" duration-ms="7999" status="PASS">
          <reporter-output>
          </reporter-output>
        </test-method> <!-- verifyPateintIsAvaliable -->
        <test-method is-config="true" signature="tearDown()[pri:0, instance:Com.Openmrs.Test.FindPatientTest@2b30a42c]" started-at="2022-02-19T02:48:23 GMT-05:00" name="tearDown" finished-at="2022-02-19T02:48:23 GMT-05:00" duration-ms="45" status="PASS">
          <reporter-output>
          </reporter-output>
        </test-method> <!-- tearDown -->
      </class> <!-- Com.Openmrs.Test.FindPatientTest -->
    </test> <!-- Test -->
  </suite> <!-- Suite -->
</testng-results>
