<?xml version="1.0" encoding="UTF-8"?>
<!-- Generated by org.testng.reporters.JUnitXMLReporter -->
<testsuite ignored="0" hostname="inbl01lap7185" failures="0" tests="4" name="Test" time="56.381" errors="0" timestamp="2022-02-19T02:48:40 GMT-05:00">
  <testcase classname="Com.Openmrs.Test.LoginTest" name="verifyUserLoginSuccessful" time="2.402"/>
  <testcase classname="Com.Openmrs.Test.LoginTest" name="verifyUserLoginUnsuccessful" time="5.158"/>
  <testcase classname="Com.Openmrs.Test.FindPatientTest" name="verifyPateintIsAvaliable" time="7.999"/>
  <testcase classname="Com.Openmrs.Test.CapturePageTest" name="verifyPatientIdGettingSuccessful" time="10.749"/>
</testsuite> <!-- Test -->
